Dec 05 22:42 : exception: Failed to open '/home/klar/.mpd/mpdstate': No such file or directory
Dec 05 22:42 : config: option 'device' on line 13 was not recognized
Dec 05 22:43 : config: option 'device' on line 13 was not recognized
Dec 05 23:38 : config: option 'device' on line 13 was not recognized
Dec 05 23:38 : config: option 'device' on line 13 was not recognized
Dec 05 23:42 : config: option 'device' on line 13 was not recognized
Dec 05 23:43 : config: option 'device' on line 13 was not recognized
Dec 05 23:46 : update: added AEther Realm - Tarot (2017)/01 - The Fool.mp3
Dec 05 23:46 : update: added AEther Realm - Tarot (2017)/07 - The Devil.mp3
Dec 05 23:46 : update: added AEther Realm - Tarot (2017)/06 - The Chariot.mp3
Dec 05 23:46 : update: added AEther Realm - Tarot (2017)/10 - Temperance.mp3
Dec 05 23:46 : update: added AEther Realm - Tarot (2017)/11 - The Sun_ the Moon_ the Star.mp3
Dec 05 23:46 : update: added AEther Realm - Tarot (2017)/09 - Strength.mp3
Dec 05 23:46 : update: added AEther Realm - Tarot (2017)/03 - The Tower.mp3
Dec 05 23:46 : update: added AEther Realm - Tarot (2017)/04 - King of Cups (feat. Chris Bowes).mp3
Dec 05 23:46 : update: added AEther Realm - Tarot (2017)/02 - Tarot.mp3
Dec 05 23:46 : update: added AEther Realm - Tarot (2017)/08 - The Emperor.mp3
Dec 05 23:46 : update: added AEther Realm - Tarot (2017)/05 - Death.mp3
Dec 05 23:46 : update: added NKMusic - Andromeda/05 - Ganymede.mp3
Dec 05 23:46 : update: added NKMusic - Andromeda/14 - Halimede.mp3
Dec 05 23:46 : update: added NKMusic - Andromeda/03 - Changing My Mind.mp3
Dec 05 23:46 : update: added NKMusic - Andromeda/16 - Desdemona.mp3
Dec 05 23:46 : update: added NKMusic - Andromeda/08 - Ymir.mp3
Dec 05 23:46 : update: added NKMusic - Andromeda/01 -  Cordelia.mp3
Dec 05 23:46 : update: added NKMusic - Andromeda/12 - Europa.mp3
Dec 05 23:46 : update: added NKMusic - Andromeda/15 - Trinculo.mp3
Dec 05 23:46 : update: added NKMusic - Andromeda/02 - Comet.mp3
Dec 05 23:46 : update: added NKMusic - Andromeda/10 - Aegir.mp3
Dec 05 23:46 : update: added NKMusic - Andromeda/13 - Diamond In The Rough.mp3
Dec 05 23:46 : update: added NKMusic - Andromeda/11 - Mercury.mp3
Dec 05 23:46 : update: added NKMusic - Andromeda/07 - Neptune.mp3
Dec 05 23:46 : update: added NKMusic - Andromeda/04 - Misunderstanding.mp3
Dec 05 23:46 : update: added NKMusic - Andromeda/06 - Saturn.mp3
Dec 05 23:46 : update: added NKMusic - Andromeda/09 - Eclipses.mp3
Dec 05 23:47 : player: played "NKMusic - Andromeda/09 - Eclipses.mp3"
Dec 06 08:08 : config: option 'device' on line 13 was not recognized
